<?xml version="1.0" encoding="UTF-8"?>
<testng-results skipped="0" failed="0" ignored="0" total="3" passed="3">
  <reporter-output>
  </reporter-output>
  <suite name="Default suite" duration-ms="36508" started-at="2018-05-19T16:27:09Z" finished-at="2018-05-19T16:27:45Z">
    <groups>
    </groups>
    <test name="Default test" duration-ms="36508" started-at="2018-05-19T16:27:09Z" finished-at="2018-05-19T16:27:45Z">
      <class name="org.RBS.TestCase.TC_001">
        <test-method status="PASS" signature="openbrowsr()[pri:0, instance:org.RBS.TestCase.TC_001@47c62251]" name="openbrowsr" is-config="true" duration-ms="13861" started-at="2018-05-19T16:27:09Z" finished-at="2018-05-19T16:27:23Z">
          <reporter-output>
          </reporter-output>
        </test-method> <!-- openbrowsr -->
        <test-method status="PASS" signature="Case1(java.lang.String, java.lang.String)[pri:0, instance:org.RBS.TestCase.TC_001@47c62251]" name="Case1" duration-ms="1929" started-at="2018-05-19T16:27:23Z" data-provider="DP1" finished-at="2018-05-19T16:27:25Z">
          <params>
            <param index="0">
              <value>
                <![CDATA[uname1]]>
              </value>
            </param>
            <param index="1">
              <value>
                <![CDATA[pass1]]>
              </value>
            </param>
          </params>
          <reporter-output>
          </reporter-output>
        </test-method> <!-- Case1 -->
        <test-method status="PASS" signature="closebrowser()[pri:0, instance:org.RBS.TestCase.TC_001@47c62251]" name="closebrowser" is-config="true" duration-ms="667" started-at="2018-05-19T16:27:25Z" finished-at="2018-05-19T16:27:25Z">
          <reporter-output>
          </reporter-output>
        </test-method> <!-- closebrowser -->
        <test-method status="PASS" signature="openbrowsr()[pri:0, instance:org.RBS.TestCase.TC_001@47c62251]" name="openbrowsr" is-config="true" duration-ms="6414" started-at="2018-05-19T16:27:25Z" finished-at="2018-05-19T16:27:32Z">
          <reporter-output>
          </reporter-output>
        </test-method> <!-- openbrowsr -->
        <test-method status="PASS" signature="Case1(java.lang.String, java.lang.String)[pri:0, instance:org.RBS.TestCase.TC_001@47c62251]" name="Case1" duration-ms="3236" started-at="2018-05-19T16:27:32Z" data-provider="DP1" finished-at="2018-05-19T16:27:35Z">
          <params>
            <param index="0">
              <value>
                <![CDATA[uname2]]>
              </value>
            </param>
            <param index="1">
              <value>
                <![CDATA[pass2]]>
              </value>
            </param>
          </params>
          <reporter-output>
          </reporter-output>
        </test-method> <!-- Case1 -->
        <test-method status="PASS" signature="closebrowser()[pri:0, instance:org.RBS.TestCase.TC_001@47c62251]" name="closebrowser" is-config="true" duration-ms="715" started-at="2018-05-19T16:27:35Z" finished-at="2018-05-19T16:27:36Z">
          <reporter-output>
          </reporter-output>
        </test-method> <!-- closebrowser -->
        <test-method status="PASS" signature="openbrowsr()[pri:0, instance:org.RBS.TestCase.TC_001@47c62251]" name="openbrowsr" is-config="true" duration-ms="7707" started-at="2018-05-19T16:27:36Z" finished-at="2018-05-19T16:27:43Z">
          <reporter-output>
          </reporter-output>
        </test-method> <!-- openbrowsr -->
        <test-method status="PASS" signature="Case1(java.lang.String, java.lang.String)[pri:0, instance:org.RBS.TestCase.TC_001@47c62251]" name="Case1" duration-ms="1271" started-at="2018-05-19T16:27:43Z" data-provider="DP1" finished-at="2018-05-19T16:27:45Z">
          <params>
            <param index="0">
              <value>
                <![CDATA[uname3]]>
              </value>
            </param>
            <param index="1">
              <value>
                <![CDATA[pass3]]>
              </value>
            </param>
          </params>
          <reporter-output>
          </reporter-output>
        </test-method> <!-- Case1 -->
        <test-method status="PASS" signature="closebrowser()[pri:0, instance:org.RBS.TestCase.TC_001@47c62251]" name="closebrowser" is-config="true" duration-ms="663" started-at="2018-05-19T16:27:45Z" finished-at="2018-05-19T16:27:45Z">
          <reporter-output>
          </reporter-output>
        </test-method> <!-- closebrowser -->
      </class> <!-- org.RBS.TestCase.TC_001 -->
    </test> <!-- Default test -->
  </suite> <!-- Default suite -->
</testng-results>
