<?xml version="1.0" encoding="UTF-8"?>
<!-- Generated by org.testng.reporters.JUnitXMLReporter -->
<testsuite hostname="IN-QA10" ignored="0" name="Default test" tests="3" failures="0" timestamp="19 May 2018 16:27:46 GMT" time="36.508" errors="0">
  <testcase name="Case1" time="1.929" classname="org.RBS.TestCase.TC_001"/>
  <testcase name="Case1" time="3.236" classname="org.RBS.TestCase.TC_001"/>
  <testcase name="Case1" time="1.271" classname="org.RBS.TestCase.TC_001"/>
</testsuite> <!-- Default test -->
